@storybook/cli v7.6.6

info => Cleaning outputDir: /tmp/chromatic--10954-NTPSwWJC7FLX
info => Loading presets
info => Building manager..
info => Manager built (122 ms)
info => Building preview..
info => Copying static files: /home/serhii/Projects/Tests/storybookApp/taskbox/node_modules/@storybook/manager/static at /tmp/chromatic--10954-NTPSwWJC7FLX/sb-common-assets
info => Copying static files: /home/serhii/Projects/Tests/storybookApp/taskbox/public at /tmp/chromatic--10954-NTPSwWJC7FLX/
vite v4.5.0 building for production...

./sb-common-assets/fonts.css doesn't exist at build time, it will remain unchanged to be resolved at runtime
transforming...
node_modules/telejson/dist/index.mjs (1413:15) Use of eval in "node_modules/telejson/dist/index.mjs" is strongly discouraged as it poses security risks and may cause issues with minification.
node_modules/telejson/dist/index.mjs (1416:18) Use of eval in "node_modules/telejson/dist/index.mjs" is strongly discouraged as it poses security risks and may cause issues with minification.
✓ 1564 modules transformed.
rendering chunks...
computing gzip size...
../../../../../../tmp/chromatic--10954-NTPSwWJC7FLX/iframe.html                                     12.58 kB │ gzip:   3.58 kB
../../../../../../tmp/chromatic--10954-NTPSwWJC7FLX/assets/percolate-dac75269.ttf                   34.04 kB
../../../../../../tmp/chromatic--10954-NTPSwWJC7FLX/assets/percolate-ec979d96.woff                  34.11 kB
../../../../../../tmp/chromatic--10954-NTPSwWJC7FLX/assets/percolate-5ed633c2.eot                   34.21 kB
../../../../../../tmp/chromatic--10954-NTPSwWJC7FLX/assets/percolate-d13fa91b.svg                  140.51 kB │ gzip:  47.50 kB
../../../../../../tmp/chromatic--10954-NTPSwWJC7FLX/assets/preview-c9ecb32e.css                      6.89 kB │ gzip:   2.06 kB
../../../../../../tmp/chromatic--10954-NTPSwWJC7FLX/assets/_commonjs-dynamic-modules-302442b1.js     0.24 kB │ gzip:   0.19 kB
../../../../../../tmp/chromatic--10954-NTPSwWJC7FLX/assets/WithTooltip-V3YHNWJZ-3c6fd28f.js          0.44 kB │ gzip:   0.27 kB
../../../../../../tmp/chromatic--10954-NTPSwWJC7FLX/assets/syntaxhighlighter-V7JZZA35-fc32a85b.js    0.45 kB │ gzip:   0.29 kB
../../../../../../tmp/chromatic--10954-NTPSwWJC7FLX/assets/preview-60b4dd4e.js                       0.51 kB │ gzip:   0.33 kB
../../../../../../tmp/chromatic--10954-NTPSwWJC7FLX/assets/index-3fd0d1ea.js                         0.58 kB │ gzip:   0.35 kB
../../../../../../tmp/chromatic--10954-NTPSwWJC7FLX/assets/preview-73104b77.js                       0.64 kB │ gzip:   0.44 kB
../../../../../../tmp/chromatic--10954-NTPSwWJC7FLX/assets/_commonjsHelpers-de833af9.js              0.69 kB │ gzip:   0.38 kB
../../../../../../tmp/chromatic--10954-NTPSwWJC7FLX/assets/index-356e4a49.js                         0.77 kB │ gzip:   0.47 kB
../../../../../../tmp/chromatic--10954-NTPSwWJC7FLX/assets/index-8d47fad6.js                         0.80 kB │ gzip:   0.52 kB
../../../../../../tmp/chromatic--10954-NTPSwWJC7FLX/assets/preview-0ef86afd.js                       0.86 kB │ gzip:   0.55 kB
../../../../../../tmp/chromatic--10954-NTPSwWJC7FLX/assets/preview-4dba61e8.js                       1.04 kB │ gzip:   0.67 kB
../../../../../../tmp/chromatic--10954-NTPSwWJC7FLX/assets/entry-preview-fb6629d6.js                 1.12 kB │ gzip:   0.66 kB
../../../../../../tmp/chromatic--10954-NTPSwWJC7FLX/assets/index-11d98b33.js                         2.59 kB │ gzip:   1.26 kB
../../../../../../tmp/chromatic--10954-NTPSwWJC7FLX/assets/preview-30b54f76.js                       3.21 kB │ gzip:   1.37 kB
../../../../../../tmp/chromatic--10954-NTPSwWJC7FLX/assets/Task.stories-468792f0.js                  3.66 kB │ gzip:   1.54 kB
../../../../../../tmp/chromatic--10954-NTPSwWJC7FLX/assets/iframe-e20b5326.js                        4.66 kB │ gzip:   1.66 kB
../../../../../../tmp/chromatic--10954-NTPSwWJC7FLX/assets/preview-d01b88e8.js                       5.23 kB │ gzip:   2.39 kB
../../../../../../tmp/chromatic--10954-NTPSwWJC7FLX/assets/index-76fb7be0.js                         7.16 kB │ gzip:   2.91 kB
../../../../../../tmp/chromatic--10954-NTPSwWJC7FLX/assets/preview-da31036b.js                       7.62 kB │ gzip:   1.56 kB
../../../../../../tmp/chromatic--10954-NTPSwWJC7FLX/assets/preview-c56bf6ac.js                       8.28 kB │ gzip:   3.16 kB
../../../../../../tmp/chromatic--10954-NTPSwWJC7FLX/assets/index-da07a199.js                        13.61 kB │ gzip:   5.08 kB
../../../../../../tmp/chromatic--10954-NTPSwWJC7FLX/assets/Color-6VNJS4EI-86030fdc.js               17.64 kB │ gzip:   6.75 kB
../../../../../../tmp/chromatic--10954-NTPSwWJC7FLX/assets/TaskList.stories-f2dd8cb9.js             31.80 kB │ gzip:  11.88 kB
../../../../../../tmp/chromatic--10954-NTPSwWJC7FLX/assets/preview-bdee4082.js                      34.19 kB │ gzip:  13.35 kB
../../../../../../tmp/chromatic--10954-NTPSwWJC7FLX/assets/preview-21802b0a.js                      72.07 kB │ gzip:  24.33 kB
../../../../../../tmp/chromatic--10954-NTPSwWJC7FLX/assets/_getPrototype-1e53b583.js                78.40 kB │ gzip:  23.40 kB
../../../../../../tmp/chromatic--10954-NTPSwWJC7FLX/assets/react-18-236157c6.js                    134.55 kB │ gzip:  43.44 kB
../../../../../../tmp/chromatic--10954-NTPSwWJC7FLX/assets/entry-preview-docs-17bdf6ae.js          212.41 kB │ gzip:  65.84 kB
../../../../../../tmp/chromatic--10954-NTPSwWJC7FLX/assets/InboxScreen.stories-0c70614e.js         294.82 kB │ gzip:  72.49 kB
../../../../../../tmp/chromatic--10954-NTPSwWJC7FLX/assets/index-86005177.js                       372.07 kB │ gzip: 113.89 kB
../../../../../../tmp/chromatic--10954-NTPSwWJC7FLX/assets/DocsRenderer-NNNQARDV-24f92d51.js       537.34 kB │ gzip: 175.08 kB
../../../../../../tmp/chromatic--10954-NTPSwWJC7FLX/assets/axe-c259e37e.js                         556.42 kB │ gzip: 152.71 kB
../../../../../../tmp/chromatic--10954-NTPSwWJC7FLX/assets/formatter-SWP5E3XI-cf890ffc.js          601.64 kB │ gzip: 185.03 kB

(!) Some chunks are larger than 500 kBs after minification. Consider:
- Using dynamic import() to code-split the application
- Use build.rollupOptions.output.manualChunks to improve chunking: https://rollupjs.org/configuration-options/#output-manualchunks
- Adjust chunk size limit for this warning via build.chunkSizeWarningLimit.
✓ built in 11.03s
info => Preview built (12 s)
info => Output directory: /tmp/chromatic--10954-NTPSwWJC7FLX
